<?xml version="1.0" encoding="UTF-8"?>
<!-- Generated by org.testng.reporters.JUnitXMLReporter -->
<testsuite hostname="MECHANICAL" ignored="2" name="Test" tests="2" failures="2" timestamp="24 Aug 2020 07:31:43 GMT" time="62.95" errors="0">
  <testcase name="@AfterMethod endReport" time="0.001" classname="commonLibraries.ConfigFiles">
    <failure type="java.lang.NullPointerException">
      <![CDATA[java.lang.NullPointerException
at commonLibraries.ConfigFiles.endReport(ConfigFiles.java:122)
... Removed 28 stack frames]]>
    </failure>
  </testcase> <!-- @AfterMethod endReport -->
  <testcase name="@AfterClass CloseBrowser" time="0.0" classname="commonLibraries.ConfigFiles">
    <skipped/>
  </testcase> <!-- @AfterClass CloseBrowser -->
  <testcase name="getTitle1" time="0.055" classname="testRunner.FaceBook_2">
    <failure type="java.lang.AssertionError" message="expected [Facebook – log in or sign] but found [Administrator - Home - vtiger CRM 5 - Commercial Open Source CRM]">
      <![CDATA[java.lang.AssertionError: expected [Facebook – log in or sign] but found [Administrator - Home - vtiger CRM 5 - Commercial Open Source CRM]
at testRunner.FaceBook_2.getTitle1(FaceBook_2.java:22)
... Removed 31 stack frames]]>
    </failure>
  </testcase> <!-- getTitle1 -->
  <testcase name="getTitle" time="0.001" classname="testRunner.FaceBook_1">
    <failure type="java.lang.NullPointerException">
      <![CDATA[java.lang.NullPointerException
at testRunner.FaceBook_1.getTitle(FaceBook_1.java:13)
... Removed 25 stack frames]]>
    </failure>
  </testcase> <!-- getTitle -->
  <testcase name="@BeforeSuite setup" time="0.0" classname="commonLibraries.ConfigFiles">
    <ignored/>
  </testcase> <!-- @BeforeSuite setup -->
  <testcase name="@AfterSuite flush" time="0.0" classname="commonLibraries.ConfigFiles">
    <ignored/>
  </testcase> <!-- @AfterSuite flush -->
</testsuite> <!-- Test -->
