<?xml version="1.0" encoding="UTF-8"?>
<!-- Generated by org.testng.reporters.JUnitXMLReporter -->
<testsuite hostname="MECHANICAL" ignored="2" name="Command line test" tests="2" failures="0" timestamp="04 Oct 2020 13:54:26 GMT" time="58.323" errors="0">
  <testcase name="CreateOrganisation" time="21.756" classname="automationTestScripts.Organizations.CreatOrganisationTest"/>
  <testcase name="validateOrgAfterDelete" time="15.936" classname="automationTestScripts.Organizations.CreateAndDeleteOrganizationTest"/>
  <testcase name="@AfterSuite CloseDB" time="0.0" classname="commonLibraries.ConfigFiles">
    <ignored/>
  </testcase> <!-- @AfterSuite CloseDB -->
  <testcase name="@BeforeSuite ConnectDB" time="0.0" classname="commonLibraries.ConfigFiles">
    <ignored/>
  </testcase> <!-- @BeforeSuite ConnectDB -->
</testsuite> <!-- Command line test -->
