<?xml version="1.0" encoding="UTF-8"?>
<testng-results skipped="0" failed="0" ignored="0" total="1" passed="1">
  <reporter-output>
  </reporter-output>
  <suite name="Default suite" duration-ms="6882" started-at="2020-10-04T14:00:05Z" finished-at="2020-10-04T14:00:12Z">
    <groups>
    </groups>
    <test name="Default test" duration-ms="6882" started-at="2020-10-04T14:00:05Z" finished-at="2020-10-04T14:00:12Z">
      <class name="testRunner.ScriptUsingWebDriver">
        <test-method status="PASS" signature="setupClass()[pri:0, instance:testRunner.ScriptUsingWebDriver@239963d8]" name="setupClass" is-config="true" duration-ms="5195" started-at="2020-10-04T14:00:05Z" finished-at="2020-10-04T14:00:10Z">
          <reporter-output>
          </reporter-output>
        </test-method> <!-- setupClass -->
        <test-method status="PASS" signature="test()[pri:0, instance:testRunner.ScriptUsingWebDriver@239963d8]" name="test" duration-ms="1669" started-at="2020-10-04T14:00:10Z" finished-at="2020-10-04T14:00:12Z">
          <reporter-output>
          </reporter-output>
        </test-method> <!-- test -->
      </class> <!-- testRunner.ScriptUsingWebDriver -->
    </test> <!-- Default test -->
  </suite> <!-- Default suite -->
</testng-results>
